#
# A fatal error has been detected by the Java Runtime Environment:
#
#  Internal Error (javaClasses.cpp:126), pid=14260, tid=12504
#  fatal error: Invalid layout of preloaded class
#
# JRE version:  (8.0_20-b26) (build )
# Java VM: Java HotSpot(TM) 64-Bit Server VM (25.20-b23 mixed mode windows-amd64 compressed oops)
# Failed to write core dump. Minidumps are not enabled by default on client versions of Windows
#
# If you would like to submit a bug report, please visit:
#   http://bugreport.sun.com/bugreport/crash.jsp
#

---------------  T H R E A D  ---------------

Current thread (0x0000000002ede000):  JavaThread "Unknown thread" [_thread_in_vm, id=12504, stack(0x0000000002940000,0x0000000002a40000)]

Stack: [0x0000000002940000,0x0000000002a40000]
Native frames: (J=compiled Java code, j=interpreted, Vv=VM code, C=native code)
V  [jvm.dll+0x3152fa]
V  [jvm.dll+0x265d03]
V  [jvm.dll+0x266943]
V  [jvm.dll+0x25e1e6]
V  [jvm.dll+0x5e64c]
V  [jvm.dll+0x5e743]
V  [jvm.dll+0x7316a]
V  [jvm.dll+0x734c8]
V  [jvm.dll+0xe3937]
V  [jvm.dll+0xe3cc6]
V  [jvm.dll+0x1f89d7]
V  [jvm.dll+0x229fc4]
V  [jvm.dll+0x14c6f1]
C  [javaw.exe+0x20c6]
C  [javaw.exe+0xc9eb]
C  [javaw.exe+0xca7f]
C  [KERNEL32.DLL+0x13d2]
C  [ntdll.dll+0x15444]


---------------  P R O C E S S  ---------------

Java Threads: ( => current thread )

Other Threads:

=>0x0000000002ede000 (exited) JavaThread "Unknown thread" [_thread_in_vm, id=12504, stack(0x0000000002940000,0x0000000002a40000)]

VM state:not at safepoint (not fully initialized)

VM Mutex/Monitor currently owned by a thread: None

GC Heap History (0 events):
No events

Deoptimization events (0 events):
No events

Internal exceptions (0 events):
No events

Events (10 events):
Event: 0.013 loading class java/lang/CharSequence done
Event: 0.013 loading class java/lang/String done
Event: 0.013 loading class java/lang/Class
Event: 0.013 loading class java/lang/reflect/AnnotatedElement
Event: 0.013 loading class java/lang/reflect/AnnotatedElement done
Event: 0.013 loading class java/lang/reflect/GenericDeclaration
Event: 0.013 loading class java/lang/reflect/GenericDeclaration done
Event: 0.013 loading class java/lang/reflect/Type
Event: 0.013 loading class java/lang/reflect/Type done
Event: 0.013 loading class java/lang/Class done


Dynamic libraries:
0x00007ff6db270000 - 0x00007ff6db2a4000 	C:\Program Files\Java\jdk1.8.0_20\bin\javaw.exe
0x00007ffe47b10000 - 0x00007ffe47cbc000 	C:\windows\SYSTEM32\ntdll.dll
0x00007ffe46b90000 - 0x00007ffe46cce000 	C:\windows\system32\KERNEL32.DLL
0x00007ffe44fd0000 - 0x00007ffe450e5000 	C:\windows\system32\KERNELBASE.dll
0x00007ffe43810000 - 0x00007ffe4389e000 	C:\windows\system32\apphelp.dll
0x00007ffe29040000 - 0x00007ffe29093000 	C:\windows\AppPatch\AppPatch64\AcGenral.DLL
0x00007ffe451b0000 - 0x00007ffe4525a000 	C:\windows\system32\msvcrt.dll
0x00007ffe44aa0000 - 0x00007ffe44ace000 	C:\windows\SYSTEM32\SspiCli.dll
0x00007ffe47960000 - 0x00007ffe479b4000 	C:\windows\system32\SHLWAPI.dll
0x00007ffe477e0000 - 0x00007ffe47957000 	C:\windows\system32\USER32.dll
0x00007ffe46d90000 - 0x00007ffe46f24000 	C:\windows\system32\ole32.dll
0x00007ffe45490000 - 0x00007ffe469a9000 	C:\windows\system32\SHELL32.dll
0x00007ffe44270000 - 0x00007ffe44291000 	C:\windows\SYSTEM32\USERENV.dll
0x00007ffe46ce0000 - 0x00007ffe46d8a000 	C:\windows\system32\ADVAPI32.dll
0x00007ffe345c0000 - 0x00007ffe345de000 	C:\windows\SYSTEM32\MPR.dll
0x00007ffe47610000 - 0x00007ffe47751000 	C:\windows\system32\RPCRT4.dll
0x00007ffe475b0000 - 0x00007ffe47609000 	C:\windows\SYSTEM32\sechost.dll
0x00007ffe46f30000 - 0x00007ffe47141000 	C:\windows\SYSTEM32\combase.dll
0x00007ffe479c0000 - 0x00007ffe47b10000 	C:\windows\system32\GDI32.dll
0x00007ffe44c70000 - 0x00007ffe44c85000 	C:\windows\SYSTEM32\profapi.dll
0x00007ffe43480000 - 0x00007ffe43532000 	C:\windows\SYSTEM32\SHCORE.dll
0x00007ffe45380000 - 0x00007ffe453b6000 	C:\windows\system32\IMM32.DLL
0x00007ffe47390000 - 0x00007ffe474e2000 	C:\windows\system32\MSCTF.dll
0x00007ffe42d40000 - 0x00007ffe42fba000 	C:\windows\WinSxS\amd64_microsoft.windows.common-controls_6595b64144ccf1df_6.0.9600.17810_none_6240b9c7ecbd0bda\COMCTL32.dll
0x0000000061a50000 - 0x0000000061b22000 	C:\Program Files\Java\jdk1.8.0_20\jre\bin\msvcr100.dll
0x0000000062260000 - 0x0000000062ab8000 	C:\Program Files\Java\jdk1.8.0_20\jre\bin\server\jvm.dll
0x00007ffe3f6d0000 - 0x00007ffe3f6d9000 	C:\windows\SYSTEM32\WSOCK32.dll
0x00007ffe3cad0000 - 0x00007ffe3caf2000 	C:\windows\SYSTEM32\WINMM.dll
0x00007ffe47380000 - 0x00007ffe47387000 	C:\windows\system32\PSAPI.DLL
0x00007ffe47780000 - 0x00007ffe477da000 	C:\windows\system32\WS2_32.dll
0x00007ffe3caa0000 - 0x00007ffe3caca000 	C:\windows\SYSTEM32\WINMMBASE.dll
0x00007ffe46cd0000 - 0x00007ffe46cd9000 	C:\windows\system32\NSI.dll
0x00007ffe450f0000 - 0x00007ffe4513f000 	C:\windows\SYSTEM32\cfgmgr32.dll
0x00007ffe43a60000 - 0x00007ffe43a88000 	C:\windows\SYSTEM32\DEVOBJ.dll
0x0000000062170000 - 0x000000006217f000 	C:\Program Files\Java\jdk1.8.0_20\jre\bin\verify.dll
0x0000000062140000 - 0x0000000062168000 	C:\Program Files\Java\jdk1.8.0_20\jre\bin\java.dll
0x0000000061dc0000 - 0x0000000061df5000 	C:\Program Files\Java\jdk1.8.0_20\jre\bin\jdwp.dll
0x0000000061db0000 - 0x0000000061db8000 	C:\Program Files\Java\jdk1.8.0_20\jre\bin\npt.dll
0x0000000062120000 - 0x0000000062136000 	C:\Program Files\Java\jdk1.8.0_20\jre\bin\zip.dll
0x00007ffe412c0000 - 0x00007ffe41449000 	C:\windows\SYSTEM32\dbghelp.dll

VM Arguments:
jvm_args: -agentlib:jdwp=transport=dt_socket,suspend=y,address=localhost:52401 -Dfile.encoding=UTF-8 -Xbootclasspath:C:\eclpise\adt-bundle-windows-x86_64-20140624\sdk\platforms\android-20\android.jar 
java_command: com.example.yungelight.UdpClientSocket
java_class_path (initial): C:\Users\dddd\code_new\yungelight\bin\classes;C:\Users\dddd\code_new\yungelight\libs\xUtils-2.6.14.jar;C:\Users\dddd\code_new\yungelight\libs\android-support-v4.jar
Launcher Type: SUN_STANDARD

Environment Variables:
JAVA_HOME=C:\Program Files\Java\jdk1.8.0_20
PATH=C:\Program Files\Java\jdk1.8.0_20\jre\bin;C:/Program Files/Java/jdk1.8.0_20/bin/../jre/bin/server;C:/Program Files/Java/jdk1.8.0_20/bin/../jre/bin;C:/Program Files/Java/jdk1.8.0_20/bin/../jre/lib/amd64;C:\Program Files\Java\jdk1.8.0_20\bin;C:\eclpise\gradle-1.1.0\bin;C:\Program Files\TortoiseSVN\bin;C:\eclpise\adt-bundle-windows-x86_64-20140624\eclipse;
USERNAME=dddd
OS=Windows_NT
PROCESSOR_IDENTIFIER=Intel64 Family 6 Model 61 Stepping 4, GenuineIntel



---------------  S Y S T E M  ---------------

OS: Windows 8.1 , 64 bit Build 9600 

CPU:total 4 (2 cores per cpu, 2 threads per core) family 6 model 61 stepping 4, cmov, cx8, fxsr, mmx, sse, sse2, sse3, ssse3, sse4.1, sse4.2, popcnt, avx, avx2, aes, clmul, erms, lzcnt, ht, tsc, tscinvbit, bmi1, bmi2

Memory: 4k page, physical 8303844k(3775628k free), swap 16692452k(11099320k free)

vm_info: Java HotSpot(TM) 64-Bit Server VM (25.20-b23) for windows-amd64 JRE (1.8.0_20-b26), built on Jul 30 2014 13:51:23 by "java_re" with MS VC++ 10.0 (VS2010)

time: Tue Jul 28 11:18:59 2015
elapsed time: 0 seconds (0d 0h 0m 0s)

